2019-04-04 22:22:27,691 [Worker-2] INFO  c.g.t.t.d.PublishedGradleVersions - Gradle version information cache is out-of-date. Trying to update.
2019-04-04 22:25:31,186 [Worker-2] INFO  o.e.m.c.i.e.AbstractTransferListenerAdapter - Downloading https://repo.maven.apache.org/maven2/org/apache/maven/archetypes/maven-archetype-quickstart/1.1/maven-archetype-quickstart-1.1.pom
2019-04-04 22:25:31,378 [Worker-2] INFO  o.e.m.c.i.e.AbstractTransferListenerAdapter - Downloaded https://repo.maven.apache.org/maven2/org/apache/maven/archetypes/maven-archetype-quickstart/1.1/maven-archetype-quickstart-1.1.pom
2019-04-04 22:25:31,579 [Worker-2] INFO  o.e.m.c.i.e.AbstractTransferListenerAdapter - Downloading https://repo.maven.apache.org/maven2/org/apache/maven/archetypes/maven-archetype-quickstart/1.1/maven-archetype-quickstart-1.1.jar
2019-04-04 22:25:31,757 [Worker-2] INFO  o.e.m.c.i.e.AbstractTransferListenerAdapter - Downloaded https://repo.maven.apache.org/maven2/org/apache/maven/archetypes/maven-archetype-quickstart/1.1/maven-archetype-quickstart-1.1.jar
2019-04-04 22:25:32,083 [Worker-2] INFO  o.e.m.c.i.e.AbstractTransferListenerAdapter - Downloaded file:///C:/Users/Swamy/.m2/repository/org/apache/maven/archetypes/maven-archetype-quickstart/1.1/maven-archetype-quickstart-1.1.jar
2019-04-04 22:25:32,097 [Worker-2] INFO  o.e.m.c.i.e.AbstractTransferListenerAdapter - Downloaded file:///C:/Users/Swamy/.m2/repository/org/apache/maven/archetypes/maven-archetype-quickstart/1.1/maven-archetype-quickstart-1.1.pom
2019-04-04 22:25:32,187 [Worker-2] INFO  o.e.m.c.i.p.ProjectConfigurationManager - Collecting project info '/pom.xml' C:\Users\Swamy\eclipse-workspace\GIT\GIT\pom.xml
2019-04-04 22:25:37,152 [Worker-2] INFO  o.e.m.c.i.l.LifecycleMappingFactory - Using org.eclipse.m2e.jdt.JarLifecycleMapping lifecycle mapping for MavenProject: GIT:GIT:0.0.1-SNAPSHOT @ C:\Users\Swamy\eclipse-workspace\GIT\GIT\pom.xml.
2019-04-04 22:25:38,691 [Worker-2] INFO  o.e.m.j.i.AbstractJavaProjectConfigurator - Adding source folder /GIT/src/main/java
2019-04-04 22:25:38,702 [Worker-2] INFO  o.e.m.j.i.AbstractJavaProjectConfigurator - Adding source folder /GIT/src/test/java
2019-04-04 22:25:40,681 [Worker-2] INFO  o.e.m.c.i.p.ProjectConfigurationManager - Imported and configured 1 project(s) in 8 sec
2019-04-04 22:25:43,100 [Worker-10] INFO  o.e.m.c.i.embedder.EclipseLogger - Using 'UTF-8' encoding to copy filtered resources.
2019-04-04 22:25:43,102 [Worker-10] INFO  o.e.m.c.i.embedder.EclipseLogger - skip non existing resourceDirectory C:\Users\Swamy\eclipse-workspace\GIT\GIT\src\main\resources
2019-04-04 22:25:43,108 [Worker-10] INFO  o.e.m.c.i.embedder.EclipseLogger - Using 'UTF-8' encoding to copy filtered resources.
2019-04-04 22:25:43,108 [Worker-10] INFO  o.e.m.c.i.embedder.EclipseLogger - skip non existing resourceDirectory C:\Users\Swamy\eclipse-workspace\GIT\GIT\src\test\resources
2019-04-04 22:28:58,941 [Worker-7] INFO  o.e.m.c.i.embedder.EclipseLogger - Using 'UTF-8' encoding to copy filtered resources.
2019-04-04 22:28:58,941 [Worker-7] INFO  o.e.m.c.i.embedder.EclipseLogger - skip non existing resourceDirectory C:\Users\Swamy\eclipse-workspace\GIT\GIT\src\main\resources
2019-04-04 22:28:58,941 [Worker-7] INFO  o.e.m.c.i.embedder.EclipseLogger - Using 'UTF-8' encoding to copy filtered resources.
2019-04-04 22:28:58,941 [Worker-7] INFO  o.e.m.c.i.embedder.EclipseLogger - skip non existing resourceDirectory C:\Users\Swamy\eclipse-workspace\GIT\GIT\src\test\resources
2019-04-04 22:30:05,441 [Worker-9] INFO  o.e.m.c.i.l.LifecycleMappingFactory - Using org.eclipse.m2e.jdt.JarLifecycleMapping lifecycle mapping for MavenProject: SampleGit:SampleGit:0.0.1-SNAPSHOT @ C:\Users\Swamy\eclipse-workspace\GIT\SampleGit\pom.xml.
2019-04-04 22:30:06,332 [Worker-9] INFO  o.e.m.j.i.AbstractJavaProjectConfigurator - Adding source folder /SampleGit/src/main/java
2019-04-04 22:30:06,332 [Worker-9] INFO  o.e.m.j.i.AbstractJavaProjectConfigurator - Adding resource folder /SampleGit/src/main/resources
2019-04-04 22:30:06,332 [Worker-9] INFO  o.e.m.j.i.AbstractJavaProjectConfigurator - Adding source folder /SampleGit/src/test/java
2019-04-04 22:30:06,332 [Worker-9] INFO  o.e.m.j.i.AbstractJavaProjectConfigurator - Adding resource folder /SampleGit/src/test/resources
2019-04-04 22:30:07,175 [Worker-2] WARN  o.e.m.c.i.embedder.EclipseLogger - Using platform encoding (Cp1252 actually) to copy filtered resources, i.e. build is platform dependent!
2019-04-04 22:30:07,191 [Worker-2] INFO  o.e.m.c.i.embedder.EclipseLogger - Copying 0 resource
2019-04-04 22:30:07,207 [Worker-2] WARN  o.e.m.c.i.embedder.EclipseLogger - Using platform encoding (Cp1252 actually) to copy filtered resources, i.e. build is platform dependent!
2019-04-04 22:30:07,207 [Worker-2] INFO  o.e.m.c.i.embedder.EclipseLogger - Copying 0 resource
2019-04-04 22:30:49,097 [Worker-15] INFO  o.e.m.c.i.l.LifecycleMappingFactory - Using org.eclipse.m2e.jdt.JarLifecycleMapping lifecycle mapping for MavenProject: SampleGit:SampleGit:0.0.1-SNAPSHOT @ C:\Users\Swamy\eclipse-workspace\GIT\SampleGit\pom.xml.
2019-04-04 22:30:50,957 [Worker-15] WARN  o.e.m.c.i.embedder.EclipseLogger - Using platform encoding (Cp1252 actually) to copy filtered resources, i.e. build is platform dependent!
2019-04-04 22:30:50,972 [Worker-15] INFO  o.e.m.c.i.embedder.EclipseLogger - Copying 0 resource
2019-04-04 22:30:50,972 [Worker-15] WARN  o.e.m.c.i.embedder.EclipseLogger - Using platform encoding (Cp1252 actually) to copy filtered resources, i.e. build is platform dependent!
2019-04-04 22:30:50,972 [Worker-15] INFO  o.e.m.c.i.embedder.EclipseLogger - Copying 0 resource
2019-04-04 22:31:45,327 [Worker-15] WARN  o.e.m.c.i.embedder.EclipseLogger - Using platform encoding (Cp1252 actually) to copy filtered resources, i.e. build is platform dependent!
2019-04-04 22:31:45,327 [Worker-15] INFO  o.e.m.c.i.embedder.EclipseLogger - Copying 0 resource
2019-04-04 22:31:45,327 [Worker-15] WARN  o.e.m.c.i.embedder.EclipseLogger - Using platform encoding (Cp1252 actually) to copy filtered resources, i.e. build is platform dependent!
2019-04-04 22:31:45,342 [Worker-15] INFO  o.e.m.c.i.embedder.EclipseLogger - Copying 0 resource
2019-04-04 22:32:04,457 [Worker-2] WARN  o.e.m.c.i.embedder.EclipseLogger - Using platform encoding (Cp1252 actually) to copy filtered resources, i.e. build is platform dependent!
2019-04-04 22:32:04,457 [Worker-2] INFO  o.e.m.c.i.embedder.EclipseLogger - Copying 0 resource
2019-04-04 22:32:04,457 [Worker-2] WARN  o.e.m.c.i.embedder.EclipseLogger - Using platform encoding (Cp1252 actually) to copy filtered resources, i.e. build is platform dependent!
2019-04-04 22:32:04,472 [Worker-2] INFO  o.e.m.c.i.embedder.EclipseLogger - Copying 0 resource
2019-04-04 22:32:13,472 [Worker-4] WARN  o.e.m.c.i.embedder.EclipseLogger - Using platform encoding (Cp1252 actually) to copy filtered resources, i.e. build is platform dependent!
2019-04-04 22:32:13,472 [Worker-4] INFO  o.e.m.c.i.embedder.EclipseLogger - Copying 0 resource
2019-04-04 22:32:13,488 [Worker-4] WARN  o.e.m.c.i.embedder.EclipseLogger - Using platform encoding (Cp1252 actually) to copy filtered resources, i.e. build is platform dependent!
2019-04-04 22:32:13,488 [Worker-4] INFO  o.e.m.c.i.embedder.EclipseLogger - Copying 0 resource
2019-04-04 22:32:30,113 [Worker-15] WARN  o.e.m.c.i.embedder.EclipseLogger - Using platform encoding (Cp1252 actually) to copy filtered resources, i.e. build is platform dependent!
2019-04-04 22:32:30,113 [Worker-15] INFO  o.e.m.c.i.embedder.EclipseLogger - Copying 0 resource
2019-04-04 22:32:30,128 [Worker-15] WARN  o.e.m.c.i.embedder.EclipseLogger - Using platform encoding (Cp1252 actually) to copy filtered resources, i.e. build is platform dependent!
2019-04-04 22:32:30,144 [Worker-15] INFO  o.e.m.c.i.embedder.EclipseLogger - Copying 0 resource
2019-04-04 22:35:57,405 [Worker-15] WARN  o.e.m.c.i.embedder.EclipseLogger - Using platform encoding (Cp1252 actually) to copy filtered resources, i.e. build is platform dependent!
2019-04-04 22:35:57,420 [Worker-15] INFO  o.e.m.c.i.embedder.EclipseLogger - Copying 0 resource
2019-04-04 22:35:57,420 [Worker-15] WARN  o.e.m.c.i.embedder.EclipseLogger - Using platform encoding (Cp1252 actually) to copy filtered resources, i.e. build is platform dependent!
2019-04-04 22:35:57,436 [Worker-15] INFO  o.e.m.c.i.embedder.EclipseLogger - Copying 0 resource
2019-04-04 22:54:23,743 [Worker-19] WARN  o.e.m.c.i.embedder.EclipseLogger - Using platform encoding (Cp1252 actually) to copy filtered resources, i.e. build is platform dependent!
2019-04-04 22:54:23,743 [Worker-19] INFO  o.e.m.c.i.embedder.EclipseLogger - Copying 0 resource
2019-04-04 22:54:23,758 [Worker-19] WARN  o.e.m.c.i.embedder.EclipseLogger - Using platform encoding (Cp1252 actually) to copy filtered resources, i.e. build is platform dependent!
2019-04-04 22:54:23,758 [Worker-19] INFO  o.e.m.c.i.embedder.EclipseLogger - Copying 0 resource
2019-04-04 23:29:50,186 [Worker-24] WARN  o.e.m.c.i.embedder.EclipseLogger - Using platform encoding (Cp1252 actually) to copy filtered resources, i.e. build is platform dependent!
2019-04-04 23:29:50,186 [Worker-24] INFO  o.e.m.c.i.embedder.EclipseLogger - Copying 0 resource
2019-04-04 23:29:50,202 [Worker-24] WARN  o.e.m.c.i.embedder.EclipseLogger - Using platform encoding (Cp1252 actually) to copy filtered resources, i.e. build is platform dependent!
2019-04-04 23:29:50,202 [Worker-24] INFO  o.e.m.c.i.embedder.EclipseLogger - Copying 0 resource
2019-04-04 23:30:04,577 [Worker-26] WARN  o.e.m.c.i.embedder.EclipseLogger - Using platform encoding (Cp1252 actually) to copy filtered resources, i.e. build is platform dependent!
2019-04-04 23:30:04,577 [Worker-26] INFO  o.e.m.c.i.embedder.EclipseLogger - Copying 0 resource
2019-04-04 23:30:04,577 [Worker-26] WARN  o.e.m.c.i.embedder.EclipseLogger - Using platform encoding (Cp1252 actually) to copy filtered resources, i.e. build is platform dependent!
2019-04-04 23:30:04,592 [Worker-26] INFO  o.e.m.c.i.embedder.EclipseLogger - Copying 0 resource
2019-04-04 23:37:49,438 [Worker-29] WARN  o.e.m.c.i.embedder.EclipseLogger - Using platform encoding (Cp1252 actually) to copy filtered resources, i.e. build is platform dependent!
2019-04-04 23:37:49,438 [Worker-29] INFO  o.e.m.c.i.embedder.EclipseLogger - Copying 0 resource
2019-04-04 23:37:49,438 [Worker-29] WARN  o.e.m.c.i.embedder.EclipseLogger - Using platform encoding (Cp1252 actually) to copy filtered resources, i.e. build is platform dependent!
2019-04-04 23:37:49,454 [Worker-29] INFO  o.e.m.c.i.embedder.EclipseLogger - Copying 0 resource
2019-04-04 23:38:14,932 [Worker-25] WARN  o.e.m.c.i.embedder.EclipseLogger - Using platform encoding (Cp1252 actually) to copy filtered resources, i.e. build is platform dependent!
2019-04-04 23:38:14,948 [Worker-25] INFO  o.e.m.c.i.embedder.EclipseLogger - Copying 0 resource
2019-04-04 23:38:14,948 [Worker-25] WARN  o.e.m.c.i.embedder.EclipseLogger - Using platform encoding (Cp1252 actually) to copy filtered resources, i.e. build is platform dependent!
2019-04-04 23:38:14,963 [Worker-25] INFO  o.e.m.c.i.embedder.EclipseLogger - Copying 0 resource
2019-04-04 23:38:37,682 [Worker-29] WARN  o.e.m.c.i.embedder.EclipseLogger - Using platform encoding (Cp1252 actually) to copy filtered resources, i.e. build is platform dependent!
2019-04-04 23:38:37,682 [Worker-29] INFO  o.e.m.c.i.embedder.EclipseLogger - Copying 0 resource
2019-04-04 23:38:37,698 [Worker-29] WARN  o.e.m.c.i.embedder.EclipseLogger - Using platform encoding (Cp1252 actually) to copy filtered resources, i.e. build is platform dependent!
2019-04-04 23:38:37,698 [Worker-29] INFO  o.e.m.c.i.embedder.EclipseLogger - Copying 0 resource
2019-04-05 00:00:44,208 [Worker-29] WARN  o.e.m.c.i.embedder.EclipseLogger - Using platform encoding (Cp1252 actually) to copy filtered resources, i.e. build is platform dependent!
2019-04-05 00:00:44,223 [Worker-29] INFO  o.e.m.c.i.embedder.EclipseLogger - Copying 0 resource
2019-04-05 00:00:44,239 [Worker-29] WARN  o.e.m.c.i.embedder.EclipseLogger - Using platform encoding (Cp1252 actually) to copy filtered resources, i.e. build is platform dependent!
2019-04-05 00:00:44,239 [Worker-29] INFO  o.e.m.c.i.embedder.EclipseLogger - Copying 0 resource
2019-04-05 00:01:02,865 [Worker-24] WARN  o.e.m.c.i.embedder.EclipseLogger - Using platform encoding (Cp1252 actually) to copy filtered resources, i.e. build is platform dependent!
2019-04-05 00:01:02,865 [Worker-24] INFO  o.e.m.c.i.embedder.EclipseLogger - Copying 0 resource
2019-04-05 00:01:02,880 [Worker-24] WARN  o.e.m.c.i.embedder.EclipseLogger - Using platform encoding (Cp1252 actually) to copy filtered resources, i.e. build is platform dependent!
2019-04-05 00:01:02,880 [Worker-24] INFO  o.e.m.c.i.embedder.EclipseLogger - Copying 0 resource
2019-04-07 22:21:35,315 [Worker-5] INFO  c.g.t.t.d.PublishedGradleVersions - Gradle version information cache is out-of-date. Trying to update.
2019-04-07 22:21:51,040 [Worker-8] INFO  o.e.m.c.i.l.LifecycleMappingFactory - Using org.eclipse.m2e.jdt.JarLifecycleMapping lifecycle mapping for MavenProject: SampleGit:SampleGit:0.0.1-SNAPSHOT @ C:\Users\Swamy\eclipse-workspace\GIT\SampleGit\pom.xml.
2019-04-07 22:22:00,751 [Worker-8] WARN  o.e.m.c.i.embedder.EclipseLogger - Using platform encoding (Cp1252 actually) to copy filtered resources, i.e. build is platform dependent!
2019-04-07 22:22:00,791 [Worker-8] INFO  o.e.m.c.i.embedder.EclipseLogger - Copying 0 resource
2019-04-07 22:22:01,948 [Worker-11] INFO  o.e.m.c.i.l.LifecycleMappingFactory - Using org.eclipse.m2e.jdt.JarLifecycleMapping lifecycle mapping for MavenProject: SampleGit:SampleGit:0.0.1-SNAPSHOT @ C:\Users\Swamy\eclipse-workspace\GIT\SampleGit\pom.xml.
2019-04-07 22:22:01,968 [Worker-8] WARN  o.e.m.c.i.embedder.EclipseLogger - Using platform encoding (Cp1252 actually) to copy filtered resources, i.e. build is platform dependent!
2019-04-07 22:22:01,973 [Worker-8] INFO  o.e.m.c.i.embedder.EclipseLogger - Copying 0 resource
2019-04-07 22:22:03,912 [Worker-12] WARN  o.e.m.c.i.embedder.EclipseLogger - Using platform encoding (Cp1252 actually) to copy filtered resources, i.e. build is platform dependent!
2019-04-07 22:22:03,929 [Worker-12] INFO  o.e.m.c.i.embedder.EclipseLogger - Copying 0 resource
2019-04-07 22:22:03,938 [Worker-12] WARN  o.e.m.c.i.embedder.EclipseLogger - Using platform encoding (Cp1252 actually) to copy filtered resources, i.e. build is platform dependent!
2019-04-07 22:22:03,941 [Worker-12] INFO  o.e.m.c.i.embedder.EclipseLogger - Copying 0 resource
2019-04-07 22:23:51,566 [Worker-11] WARN  o.e.m.c.i.embedder.EclipseLogger - Using platform encoding (Cp1252 actually) to copy filtered resources, i.e. build is platform dependent!
2019-04-07 22:23:51,568 [Worker-11] INFO  o.e.m.c.i.embedder.EclipseLogger - Copying 0 resource
2019-04-07 22:23:51,575 [Worker-11] WARN  o.e.m.c.i.embedder.EclipseLogger - Using platform encoding (Cp1252 actually) to copy filtered resources, i.e. build is platform dependent!
2019-04-07 22:23:51,586 [Worker-11] INFO  o.e.m.c.i.embedder.EclipseLogger - Copying 0 resource
2019-04-08 21:03:24,727 [Worker-1] INFO  c.g.t.t.d.PublishedGradleVersions - Gradle version information cache is up-to-date. Trying to read.
2019-04-08 21:03:39,137 [Worker-6] INFO  o.e.m.c.i.l.LifecycleMappingFactory - Using org.eclipse.m2e.jdt.JarLifecycleMapping lifecycle mapping for MavenProject: SampleGit:SampleGit:0.0.1-SNAPSHOT @ C:\Users\Swamy\eclipse-workspace\GIT\SampleGit\pom.xml.
2019-04-08 21:03:48,239 [Worker-12] WARN  o.e.m.c.i.embedder.EclipseLogger - Using platform encoding (Cp1252 actually) to copy filtered resources, i.e. build is platform dependent!
2019-04-08 21:03:48,258 [Worker-12] INFO  o.e.m.c.i.embedder.EclipseLogger - Copying 0 resource
2019-04-08 21:03:48,269 [Worker-12] WARN  o.e.m.c.i.embedder.EclipseLogger - Using platform encoding (Cp1252 actually) to copy filtered resources, i.e. build is platform dependent!
2019-04-08 21:03:48,272 [Worker-12] INFO  o.e.m.c.i.embedder.EclipseLogger - Copying 0 resource
2019-04-08 21:28:21,112 [Worker-19] WARN  o.e.m.c.i.embedder.EclipseLogger - Using platform encoding (Cp1252 actually) to copy filtered resources, i.e. build is platform dependent!
2019-04-08 21:28:21,127 [Worker-19] INFO  o.e.m.c.i.embedder.EclipseLogger - Copying 0 resource
2019-04-08 21:28:21,143 [Worker-19] WARN  o.e.m.c.i.embedder.EclipseLogger - Using platform encoding (Cp1252 actually) to copy filtered resources, i.e. build is platform dependent!
2019-04-08 21:28:21,143 [Worker-19] INFO  o.e.m.c.i.embedder.EclipseLogger - Copying 0 resource
2019-04-08 21:28:25,815 [Worker-9] WARN  o.e.m.c.i.embedder.EclipseLogger - Using platform encoding (Cp1252 actually) to copy filtered resources, i.e. build is platform dependent!
2019-04-08 21:28:25,815 [Worker-9] INFO  o.e.m.c.i.embedder.EclipseLogger - Copying 0 resource
2019-04-08 21:28:25,831 [Worker-9] WARN  o.e.m.c.i.embedder.EclipseLogger - Using platform encoding (Cp1252 actually) to copy filtered resources, i.e. build is platform dependent!
2019-04-08 21:28:25,831 [Worker-9] INFO  o.e.m.c.i.embedder.EclipseLogger - Copying 0 resource
2019-04-08 21:28:48,362 [Worker-22] WARN  o.e.m.c.i.embedder.EclipseLogger - Using platform encoding (Cp1252 actually) to copy filtered resources, i.e. build is platform dependent!
2019-04-08 21:28:48,362 [Worker-22] INFO  o.e.m.c.i.embedder.EclipseLogger - Copying 0 resource
2019-04-08 21:28:48,362 [Worker-22] WARN  o.e.m.c.i.embedder.EclipseLogger - Using platform encoding (Cp1252 actually) to copy filtered resources, i.e. build is platform dependent!
2019-04-08 21:28:48,377 [Worker-22] INFO  o.e.m.c.i.embedder.EclipseLogger - Copying 0 resource
2019-04-08 21:52:20,815 [Worker-8] WARN  o.e.m.c.i.embedder.EclipseLogger - Using platform encoding (Cp1252 actually) to copy filtered resources, i.e. build is platform dependent!
2019-04-08 21:52:20,815 [Worker-8] INFO  o.e.m.c.i.embedder.EclipseLogger - Copying 0 resource
2019-04-08 21:52:20,831 [Worker-8] WARN  o.e.m.c.i.embedder.EclipseLogger - Using platform encoding (Cp1252 actually) to copy filtered resources, i.e. build is platform dependent!
2019-04-08 21:52:20,831 [Worker-8] INFO  o.e.m.c.i.embedder.EclipseLogger - Copying 0 resource
2019-04-08 21:53:22,066 [Worker-23] WARN  o.e.m.c.i.embedder.EclipseLogger - Using platform encoding (Cp1252 actually) to copy filtered resources, i.e. build is platform dependent!
2019-04-08 21:53:22,066 [Worker-23] INFO  o.e.m.c.i.embedder.EclipseLogger - Copying 0 resource
2019-04-08 21:53:22,066 [Worker-23] WARN  o.e.m.c.i.embedder.EclipseLogger - Using platform encoding (Cp1252 actually) to copy filtered resources, i.e. build is platform dependent!
2019-04-08 21:53:22,082 [Worker-23] INFO  o.e.m.c.i.embedder.EclipseLogger - Copying 0 resource
2019-04-08 21:56:33,486 [Worker-15] WARN  o.e.m.c.i.embedder.EclipseLogger - Using platform encoding (Cp1252 actually) to copy filtered resources, i.e. build is platform dependent!
2019-04-08 21:56:33,501 [Worker-15] INFO  o.e.m.c.i.embedder.EclipseLogger - Copying 0 resource
2019-04-08 21:56:33,501 [Worker-15] WARN  o.e.m.c.i.embedder.EclipseLogger - Using platform encoding (Cp1252 actually) to copy filtered resources, i.e. build is platform dependent!
2019-04-08 21:56:33,501 [Worker-15] INFO  o.e.m.c.i.embedder.EclipseLogger - Copying 0 resource
2019-04-08 21:58:08,518 [Worker-27] WARN  o.e.m.c.i.embedder.EclipseLogger - Using platform encoding (Cp1252 actually) to copy filtered resources, i.e. build is platform dependent!
2019-04-08 21:58:08,518 [Worker-27] INFO  o.e.m.c.i.embedder.EclipseLogger - Copying 0 resource
2019-04-08 21:58:08,534 [Worker-27] WARN  o.e.m.c.i.embedder.EclipseLogger - Using platform encoding (Cp1252 actually) to copy filtered resources, i.e. build is platform dependent!
2019-04-08 21:58:08,534 [Worker-27] INFO  o.e.m.c.i.embedder.EclipseLogger - Copying 0 resource
